{"/home/kamya/AAU/Projecter/P2/P2-api-backend-test/src/data/apis.js": {"path":"/home/kamya/AAU/Projecter/P2/P2-api-backend-test/src/data/apis.js","statementMap":{"0":{"start":{"line":1,"column":24},"end":{"line":1,"column":26}},"1":{"start":{"line":4,"column":23},"end":{"line":4,"column":48}},"2":{"start":{"line":9,"column":12},"end":{"line":9,"column":28}},"3":{"start":{"line":10,"column":2},"end":{"line":12,"column":3}},"4":{"start":{"line":11,"column":3},"end":{"line":11,"column":30}},"5":{"start":{"line":13,"column":2},"end":{"line":13,"column":13}},"6":{"start":{"line":17,"column":2},"end":{"line":19,"column":3}},"7":{"start":{"line":18,"column":3},"end":{"line":18,"column":31}},"8":{"start":{"line":21,"column":15},"end":{"line":25,"column":3}},"9":{"start":{"line":26,"column":2},"end":{"line":26,"column":28}},"10":{"start":{"line":27,"column":2},"end":{"line":27,"column":16}},"11":{"start":{"line":31,"column":2},"end":{"line":31,"column":26}},"12":{"start":{"line":32,"column":2},"end":{"line":32,"column":30}},"13":{"start":{"line":38,"column":2},"end":{"line":40,"column":3}},"14":{"start":{"line":39,"column":3},"end":{"line":39,"column":36}},"15":{"start":{"line":41,"column":17},"end":{"line":60,"column":3}},"16":{"start":{"line":45,"column":17},"end":{"line":45,"column":68}},"17":{"start":{"line":46,"column":4},"end":{"line":46,"column":29}},"18":{"start":{"line":47,"column":4},"end":{"line":47,"column":22}},"19":{"start":{"line":61,"column":2},"end":{"line":61,"column":33}},"20":{"start":{"line":62,"column":2},"end":{"line":62,"column":18}},"21":{"start":{"line":66,"column":17},"end":{"line":66,"column":36}},"22":{"start":{"line":67,"column":2},"end":{"line":69,"column":3}},"23":{"start":{"line":68,"column":3},"end":{"line":68,"column":35}},"24":{"start":{"line":71,"column":2},"end":{"line":71,"column":18}},"25":{"start":{"line":75,"column":2},"end":{"line":75,"column":27}},"26":{"start":{"line":76,"column":2},"end":{"line":76,"column":48}},"27":{"start":{"line":82,"column":15},"end":{"line":82,"column":58}},"28":{"start":{"line":82,"column":40},"end":{"line":82,"column":57}},"29":{"start":{"line":83,"column":2},"end":{"line":90,"column":3}},"30":{"start":{"line":84,"column":4},"end":{"line":84,"column":25}},"31":{"start":{"line":85,"column":3},"end":{"line":85,"column":83}},"32":{"start":{"line":88,"column":3},"end":{"line":88,"column":56}},"33":{"start":{"line":89,"column":3},"end":{"line":89,"column":74}},"34":{"start":{"line":94,"column":18},"end":{"line":94,"column":35}},"35":{"start":{"line":95,"column":2},"end":{"line":95,"column":60}},"36":{"start":{"line":95,"column":42},"end":{"line":95,"column":59}},"37":{"start":{"line":96,"column":18},"end":{"line":96,"column":35}},"38":{"start":{"line":97,"column":2},"end":{"line":99,"column":3}},"39":{"start":{"line":98,"column":3},"end":{"line":98,"column":33}},"40":{"start":{"line":100,"column":2},"end":{"line":100,"column":44}},"41":{"start":{"line":106,"column":2},"end":{"line":113,"column":6}},"42":{"start":{"line":107,"column":3},"end":{"line":112,"column":4}},"43":{"start":{"line":108,"column":4},"end":{"line":108,"column":26}},"44":{"start":{"line":110,"column":4},"end":{"line":110,"column":26}},"45":{"start":{"line":111,"column":4},"end":{"line":111,"column":32}}},"fnMap":{"0":{"name":"(anonymous_0)","decl":{"start":{"line":4,"column":17},"end":{"line":4,"column":18}},"loc":{"start":{"line":4,"column":23},"end":{"line":4,"column":48}},"line":4},"1":{"name":"(anonymous_1)","decl":{"start":{"line":8,"column":13},"end":{"line":8,"column":14}},"loc":{"start":{"line":8,"column":23},"end":{"line":14,"column":2}},"line":8},"2":{"name":"(anonymous_2)","decl":{"start":{"line":16,"column":13},"end":{"line":16,"column":14}},"loc":{"start":{"line":16,"column":24},"end":{"line":28,"column":2}},"line":16},"3":{"name":"(anonymous_3)","decl":{"start":{"line":30,"column":13},"end":{"line":30,"column":14}},"loc":{"start":{"line":30,"column":23},"end":{"line":33,"column":2}},"line":30},"4":{"name":"(anonymous_4)","decl":{"start":{"line":37,"column":18},"end":{"line":37,"column":19}},"loc":{"start":{"line":37,"column":33},"end":{"line":63,"column":2}},"line":37},"5":{"name":"(anonymous_5)","decl":{"start":{"line":44,"column":3},"end":{"line":44,"column":4}},"loc":{"start":{"line":44,"column":22},"end":{"line":48,"column":4}},"line":44},"6":{"name":"(anonymous_6)","decl":{"start":{"line":65,"column":18},"end":{"line":65,"column":19}},"loc":{"start":{"line":65,"column":33},"end":{"line":72,"column":2}},"line":65},"7":{"name":"(anonymous_7)","decl":{"start":{"line":74,"column":18},"end":{"line":74,"column":19}},"loc":{"start":{"line":74,"column":33},"end":{"line":77,"column":2}},"line":74},"8":{"name":"(anonymous_8)","decl":{"start":{"line":81,"column":13},"end":{"line":81,"column":14}},"loc":{"start":{"line":81,"column":41},"end":{"line":91,"column":2}},"line":81},"9":{"name":"(anonymous_9)","decl":{"start":{"line":82,"column":31},"end":{"line":82,"column":32}},"loc":{"start":{"line":82,"column":40},"end":{"line":82,"column":57}},"line":82},"10":{"name":"(anonymous_10)","decl":{"start":{"line":93,"column":16},"end":{"line":93,"column":17}},"loc":{"start":{"line":93,"column":37},"end":{"line":101,"column":2}},"line":93},"11":{"name":"(anonymous_11)","decl":{"start":{"line":95,"column":33},"end":{"line":95,"column":34}},"loc":{"start":{"line":95,"column":42},"end":{"line":95,"column":59}},"line":95},"12":{"name":"(anonymous_12)","decl":{"start":{"line":104,"column":11},"end":{"line":104,"column":12}},"loc":{"start":{"line":104,"column":32},"end":{"line":114,"column":2}},"line":104}},"branchMap":{"0":{"loc":{"start":{"line":10,"column":2},"end":{"line":12,"column":3}},"type":"if","locations":[{"start":{"line":10,"column":2},"end":{"line":12,"column":3}},{"start":{},"end":{}}],"line":10},"1":{"loc":{"start":{"line":17,"column":2},"end":{"line":19,"column":3}},"type":"if","locations":[{"start":{"line":17,"column":2},"end":{"line":19,"column":3}},{"start":{},"end":{}}],"line":17},"2":{"loc":{"start":{"line":38,"column":2},"end":{"line":40,"column":3}},"type":"if","locations":[{"start":{"line":38,"column":2},"end":{"line":40,"column":3}},{"start":{},"end":{}}],"line":38},"3":{"loc":{"start":{"line":67,"column":2},"end":{"line":69,"column":3}},"type":"if","locations":[{"start":{"line":67,"column":2},"end":{"line":69,"column":3}},{"start":{},"end":{}}],"line":67},"4":{"loc":{"start":{"line":83,"column":2},"end":{"line":90,"column":3}},"type":"if","locations":[{"start":{"line":83,"column":2},"end":{"line":90,"column":3}},{"start":{"line":87,"column":6},"end":{"line":90,"column":3}}],"line":83},"5":{"loc":{"start":{"line":97,"column":2},"end":{"line":99,"column":3}},"type":"if","locations":[{"start":{"line":97,"column":2},"end":{"line":99,"column":3}},{"start":{},"end":{}}],"line":97},"6":{"loc":{"start":{"line":106,"column":2},"end":{"line":113,"column":6}},"type":"if","locations":[{"start":{"line":106,"column":2},"end":{"line":113,"column":6}},{"start":{},"end":{}}],"line":106},"7":{"loc":{"start":{"line":107,"column":3},"end":{"line":112,"column":4}},"type":"if","locations":[{"start":{"line":107,"column":3},"end":{"line":112,"column":4}},{"start":{"line":109,"column":8},"end":{"line":112,"column":4}}],"line":107}},"s":{"0":1,"1":0,"2":0,"3":0,"4":0,"5":0,"6":1,"7":0,"8":1,"9":1,"10":1,"11":0,"12":0,"13":1,"14":0,"15":1,"16":0,"17":0,"18":0,"19":1,"20":1,"21":0,"22":0,"23":0,"24":0,"25":0,"26":0,"27":0,"28":0,"29":0,"30":0,"31":0,"32":0,"33":0,"34":0,"35":0,"36":0,"37":0,"38":0,"39":0,"40":0,"41":0,"42":0,"43":0,"44":0,"45":0},"f":{"0":0,"1":0,"2":1,"3":0,"4":1,"5":0,"6":0,"7":0,"8":0,"9":0,"10":0,"11":0,"12":0},"b":{"0":[0,0],"1":[0,1],"2":[0,1],"3":[0,0],"4":[0,0],"5":[0,0],"6":[0,0],"7":[0,0]},"inputSourceMap":null,"_coverageSchema":"1a1c01bbd47fc00a2c39e90264f33305004495a9","hash":"b2912c756296850712f42682bd5d75232318720a"}
,"/home/kamya/AAU/Projecter/P2/P2-api-backend-test/src/data/filter.js": {"path":"/home/kamya/AAU/Projecter/P2/P2-api-backend-test/src/data/filter.js","statementMap":{"0":{"start":{"line":2,"column":14},"end":{"line":2,"column":16}},"1":{"start":{"line":3,"column":20},"end":{"line":3,"column":49}},"2":{"start":{"line":4,"column":1},"end":{"line":17,"column":3}},"3":{"start":{"line":5,"column":2},"end":{"line":16,"column":3}},"4":{"start":{"line":7,"column":4},"end":{"line":7,"column":62}},"5":{"start":{"line":8,"column":4},"end":{"line":8,"column":10}},"6":{"start":{"line":10,"column":4},"end":{"line":10,"column":61}},"7":{"start":{"line":11,"column":4},"end":{"line":11,"column":10}},"8":{"start":{"line":13,"column":4},"end":{"line":13,"column":55}},"9":{"start":{"line":14,"column":4},"end":{"line":14,"column":22}},"10":{"start":{"line":15,"column":4},"end":{"line":15,"column":10}},"11":{"start":{"line":18,"column":1},"end":{"line":18,"column":15}},"12":{"start":{"line":22,"column":18},"end":{"line":22,"column":37}},"13":{"start":{"line":23,"column":20},"end":{"line":23,"column":41}},"14":{"start":{"line":24,"column":1},"end":{"line":28,"column":3}},"15":{"start":{"line":25,"column":2},"end":{"line":27,"column":3}},"16":{"start":{"line":25,"column":31},"end":{"line":25,"column":44}},"17":{"start":{"line":26,"column":3},"end":{"line":26,"column":24}},"18":{"start":{"line":29,"column":1},"end":{"line":46,"column":3}},"19":{"start":{"line":30,"column":2},"end":{"line":45,"column":3}},"20":{"start":{"line":31,"column":3},"end":{"line":31,"column":83}},"21":{"start":{"line":32,"column":9},"end":{"line":45,"column":3}},"22":{"start":{"line":33,"column":3},"end":{"line":33,"column":82}},"23":{"start":{"line":34,"column":9},"end":{"line":45,"column":3}},"24":{"start":{"line":35,"column":3},"end":{"line":44,"column":4}},"25":{"start":{"line":36,"column":4},"end":{"line":40,"column":5}},"26":{"start":{"line":37,"column":5},"end":{"line":37,"column":54}},"27":{"start":{"line":39,"column":5},"end":{"line":39,"column":52}},"28":{"start":{"line":42,"column":4},"end":{"line":42,"column":49}},"29":{"start":{"line":47,"column":1},"end":{"line":47,"column":17}},"30":{"start":{"line":54,"column":2},"end":{"line":59,"column":3}},"31":{"start":{"line":55,"column":3},"end":{"line":55,"column":55}},"32":{"start":{"line":58,"column":3},"end":{"line":58,"column":96}},"33":{"start":{"line":58,"column":61},"end":{"line":58,"column":86}},"34":{"start":{"line":62,"column":2},"end":{"line":83,"column":4}},"35":{"start":{"line":63,"column":14},"end":{"line":63,"column":52}},"36":{"start":{"line":64,"column":14},"end":{"line":64,"column":52}},"37":{"start":{"line":66,"column":4},"end":{"line":75,"column":5}},"38":{"start":{"line":67,"column":17},"end":{"line":67,"column":58}},"39":{"start":{"line":68,"column":5},"end":{"line":74,"column":6}},"40":{"start":{"line":69,"column":6},"end":{"line":69,"column":18}},"41":{"start":{"line":70,"column":6},"end":{"line":70,"column":18}},"42":{"start":{"line":71,"column":6},"end":{"line":71,"column":17}},"43":{"start":{"line":73,"column":6},"end":{"line":73,"column":19}},"44":{"start":{"line":79,"column":3},"end":{"line":80,"column":27}},"45":{"start":{"line":80,"column":4},"end":{"line":80,"column":27}},"46":{"start":{"line":82,"column":3},"end":{"line":82,"column":32}},"47":{"start":{"line":86,"column":1},"end":{"line":116,"column":3}},"48":{"start":{"line":87,"column":2},"end":{"line":115,"column":3}},"49":{"start":{"line":89,"column":4},"end":{"line":89,"column":10}},"50":{"start":{"line":91,"column":18},"end":{"line":91,"column":49}},"51":{"start":{"line":92,"column":4},"end":{"line":92,"column":54}},"52":{"start":{"line":93,"column":4},"end":{"line":93,"column":10}},"53":{"start":{"line":95,"column":4},"end":{"line":95,"column":43}},"54":{"start":{"line":96,"column":4},"end":{"line":96,"column":10}},"55":{"start":{"line":98,"column":4},"end":{"line":98,"column":62}},"56":{"start":{"line":98,"column":54},"end":{"line":98,"column":60}},"57":{"start":{"line":99,"column":4},"end":{"line":99,"column":10}},"58":{"start":{"line":101,"column":4},"end":{"line":101,"column":62}},"59":{"start":{"line":101,"column":54},"end":{"line":101,"column":60}},"60":{"start":{"line":102,"column":4},"end":{"line":102,"column":10}},"61":{"start":{"line":104,"column":4},"end":{"line":104,"column":61}},"62":{"start":{"line":104,"column":54},"end":{"line":104,"column":59}},"63":{"start":{"line":105,"column":4},"end":{"line":105,"column":10}},"64":{"start":{"line":107,"column":4},"end":{"line":107,"column":61}},"65":{"start":{"line":107,"column":54},"end":{"line":107,"column":59}},"66":{"start":{"line":108,"column":4},"end":{"line":108,"column":10}},"67":{"start":{"line":110,"column":4},"end":{"line":110,"column":62}},"68":{"start":{"line":110,"column":54},"end":{"line":110,"column":60}},"69":{"start":{"line":111,"column":4},"end":{"line":111,"column":10}},"70":{"start":{"line":113,"column":4},"end":{"line":113,"column":62}},"71":{"start":{"line":113,"column":54},"end":{"line":113,"column":60}},"72":{"start":{"line":114,"column":4},"end":{"line":114,"column":10}},"73":{"start":{"line":118,"column":1},"end":{"line":133,"column":2}},"74":{"start":{"line":119,"column":2},"end":{"line":119,"column":85}},"75":{"start":{"line":119,"column":24},"end":{"line":119,"column":83}},"76":{"start":{"line":120,"column":8},"end":{"line":133,"column":2}},"77":{"start":{"line":121,"column":2},"end":{"line":121,"column":84}},"78":{"start":{"line":121,"column":24},"end":{"line":121,"column":82}},"79":{"start":{"line":122,"column":8},"end":{"line":133,"column":2}},"80":{"start":{"line":123,"column":2},"end":{"line":132,"column":3}},"81":{"start":{"line":124,"column":3},"end":{"line":126,"column":4}},"82":{"start":{"line":125,"column":4},"end":{"line":125,"column":42}},"83":{"start":{"line":127,"column":3},"end":{"line":129,"column":5}},"84":{"start":{"line":128,"column":4},"end":{"line":128,"column":49}},"85":{"start":{"line":131,"column":3},"end":{"line":131,"column":68}},"86":{"start":{"line":134,"column":1},"end":{"line":134,"column":17}},"87":{"start":{"line":141,"column":19},"end":{"line":141,"column":108}},"88":{"start":{"line":142,"column":11},"end":{"line":142,"column":13}},"89":{"start":{"line":143,"column":1},"end":{"line":145,"column":2}},"90":{"start":{"line":144,"column":2},"end":{"line":144,"column":75}},"91":{"start":{"line":146,"column":1},"end":{"line":146,"column":12}},"92":{"start":{"line":152,"column":16},"end":{"line":152,"column":35}},"93":{"start":{"line":153,"column":1},"end":{"line":153,"column":121}},"94":{"start":{"line":154,"column":1},"end":{"line":156,"column":2}},"95":{"start":{"line":155,"column":2},"end":{"line":155,"column":37}},"96":{"start":{"line":161,"column":1},"end":{"line":228,"column":2}},"97":{"start":{"line":162,"column":2},"end":{"line":181,"column":3}},"98":{"start":{"line":163,"column":3},"end":{"line":163,"column":78}},"99":{"start":{"line":163,"column":30},"end":{"line":163,"column":78}},"100":{"start":{"line":164,"column":3},"end":{"line":180,"column":4}},"101":{"start":{"line":165,"column":4},"end":{"line":165,"column":44}},"102":{"start":{"line":166,"column":10},"end":{"line":180,"column":4}},"103":{"start":{"line":167,"column":4},"end":{"line":167,"column":33}},"104":{"start":{"line":168,"column":4},"end":{"line":168,"column":48}},"105":{"start":{"line":169,"column":4},"end":{"line":169,"column":37}},"106":{"start":{"line":170,"column":10},"end":{"line":180,"column":4}},"107":{"start":{"line":171,"column":4},"end":{"line":171,"column":33}},"108":{"start":{"line":172,"column":4},"end":{"line":172,"column":48}},"109":{"start":{"line":173,"column":4},"end":{"line":173,"column":36}},"110":{"start":{"line":175,"column":4},"end":{"line":179,"column":5}},"111":{"start":{"line":182,"column":8},"end":{"line":228,"column":2}},"112":{"start":{"line":184,"column":2},"end":{"line":188,"column":3}},"113":{"start":{"line":189,"column":2},"end":{"line":189,"column":32}},"114":{"start":{"line":190,"column":20},"end":{"line":190,"column":74}},"115":{"start":{"line":190,"column":41},"end":{"line":190,"column":73}},"116":{"start":{"line":192,"column":2},"end":{"line":224,"column":3}},"117":{"start":{"line":193,"column":3},"end":{"line":193,"column":77}},"118":{"start":{"line":193,"column":30},"end":{"line":193,"column":77}},"119":{"start":{"line":194,"column":3},"end":{"line":223,"column":4}},"120":{"start":{"line":196,"column":5},"end":{"line":196,"column":55}},"121":{"start":{"line":197,"column":5},"end":{"line":197,"column":14}},"122":{"start":{"line":199,"column":5},"end":{"line":199,"column":44}},"123":{"start":{"line":200,"column":5},"end":{"line":200,"column":59}},"124":{"start":{"line":201,"column":5},"end":{"line":201,"column":48}},"125":{"start":{"line":202,"column":5},"end":{"line":202,"column":14}},"126":{"start":{"line":204,"column":5},"end":{"line":204,"column":44}},"127":{"start":{"line":205,"column":5},"end":{"line":205,"column":59}},"128":{"start":{"line":206,"column":5},"end":{"line":206,"column":47}},"129":{"start":{"line":207,"column":5},"end":{"line":207,"column":14}},"130":{"start":{"line":209,"column":5},"end":{"line":209,"column":57}},"131":{"start":{"line":210,"column":5},"end":{"line":210,"column":11}},"132":{"start":{"line":213,"column":5},"end":{"line":213,"column":74}},"133":{"start":{"line":214,"column":5},"end":{"line":214,"column":11}},"134":{"start":{"line":221,"column":5},"end":{"line":221,"column":97}},"135":{"start":{"line":222,"column":5},"end":{"line":222,"column":11}},"136":{"start":{"line":225,"column":8},"end":{"line":228,"column":2}},"137":{"start":{"line":226,"column":2},"end":{"line":226,"column":43}},"138":{"start":{"line":227,"column":2},"end":{"line":227,"column":47}},"139":{"start":{"line":229,"column":1},"end":{"line":229,"column":15}}},"fnMap":{"0":{"name":"filterResponse","decl":{"start":{"line":1,"column":16},"end":{"line":1,"column":30}},"loc":{"start":{"line":1,"column":77},"end":{"line":19,"column":1}},"line":1},"1":{"name":"(anonymous_1)","decl":{"start":{"line":4,"column":22},"end":{"line":4,"column":23}},"loc":{"start":{"line":4,"column":48},"end":{"line":17,"column":2}},"line":4},"2":{"name":"filterResponseObject","decl":{"start":{"line":21,"column":9},"end":{"line":21,"column":29}},"loc":{"start":{"line":21,"column":55},"end":{"line":48,"column":1}},"line":21},"3":{"name":"(anonymous_3)","decl":{"start":{"line":24,"column":22},"end":{"line":24,"column":23}},"loc":{"start":{"line":24,"column":29},"end":{"line":28,"column":2}},"line":24},"4":{"name":"(anonymous_4)","decl":{"start":{"line":25,"column":22},"end":{"line":25,"column":23}},"loc":{"start":{"line":25,"column":31},"end":{"line":25,"column":44}},"line":25},"5":{"name":"(anonymous_5)","decl":{"start":{"line":29,"column":20},"end":{"line":29,"column":21}},"loc":{"start":{"line":29,"column":27},"end":{"line":46,"column":2}},"line":29},"6":{"name":"filterResponseArray","decl":{"start":{"line":52,"column":9},"end":{"line":52,"column":28}},"loc":{"start":{"line":52,"column":54},"end":{"line":135,"column":1}},"line":52},"7":{"name":"setArgument","decl":{"start":{"line":53,"column":10},"end":{"line":53,"column":21}},"loc":{"start":{"line":53,"column":43},"end":{"line":60,"column":2}},"line":53},"8":{"name":"(anonymous_8)","decl":{"start":{"line":58,"column":40},"end":{"line":58,"column":41}},"loc":{"start":{"line":58,"column":61},"end":{"line":58,"column":86}},"line":58},"9":{"name":"filterLogicOperators","decl":{"start":{"line":61,"column":10},"end":{"line":61,"column":30}},"loc":{"start":{"line":61,"column":49},"end":{"line":84,"column":2}},"line":61},"10":{"name":"(anonymous_10)","decl":{"start":{"line":62,"column":25},"end":{"line":62,"column":26}},"loc":{"start":{"line":62,"column":36},"end":{"line":83,"column":3}},"line":62},"11":{"name":"checkRegex","decl":{"start":{"line":65,"column":12},"end":{"line":65,"column":22}},"loc":{"start":{"line":65,"column":32},"end":{"line":76,"column":4}},"line":65},"12":{"name":"(anonymous_12)","decl":{"start":{"line":86,"column":24},"end":{"line":86,"column":25}},"loc":{"start":{"line":86,"column":36},"end":{"line":116,"column":2}},"line":86},"13":{"name":"(anonymous_13)","decl":{"start":{"line":98,"column":44},"end":{"line":98,"column":45}},"loc":{"start":{"line":98,"column":54},"end":{"line":98,"column":60}},"line":98},"14":{"name":"(anonymous_14)","decl":{"start":{"line":101,"column":44},"end":{"line":101,"column":45}},"loc":{"start":{"line":101,"column":54},"end":{"line":101,"column":60}},"line":101},"15":{"name":"(anonymous_15)","decl":{"start":{"line":104,"column":44},"end":{"line":104,"column":45}},"loc":{"start":{"line":104,"column":54},"end":{"line":104,"column":59}},"line":104},"16":{"name":"(anonymous_16)","decl":{"start":{"line":107,"column":44},"end":{"line":107,"column":45}},"loc":{"start":{"line":107,"column":54},"end":{"line":107,"column":59}},"line":107},"17":{"name":"(anonymous_17)","decl":{"start":{"line":110,"column":44},"end":{"line":110,"column":45}},"loc":{"start":{"line":110,"column":54},"end":{"line":110,"column":60}},"line":110},"18":{"name":"(anonymous_18)","decl":{"start":{"line":113,"column":44},"end":{"line":113,"column":45}},"loc":{"start":{"line":113,"column":54},"end":{"line":113,"column":60}},"line":113},"19":{"name":"(anonymous_19)","decl":{"start":{"line":119,"column":15},"end":{"line":119,"column":16}},"loc":{"start":{"line":119,"column":24},"end":{"line":119,"column":83}},"line":119},"20":{"name":"(anonymous_20)","decl":{"start":{"line":121,"column":15},"end":{"line":121,"column":16}},"loc":{"start":{"line":121,"column":24},"end":{"line":121,"column":82}},"line":121},"21":{"name":"(anonymous_21)","decl":{"start":{"line":127,"column":20},"end":{"line":127,"column":21}},"loc":{"start":{"line":127,"column":31},"end":{"line":129,"column":4}},"line":127},"22":{"name":"createFilterObject","decl":{"start":{"line":140,"column":9},"end":{"line":140,"column":27}},"loc":{"start":{"line":140,"column":38},"end":{"line":147,"column":1}},"line":140},"23":{"name":"createObject","decl":{"start":{"line":150,"column":9},"end":{"line":150,"column":21}},"loc":{"start":{"line":150,"column":42},"end":{"line":230,"column":1}},"line":150},"24":{"name":"(anonymous_24)","decl":{"start":{"line":190,"column":20},"end":{"line":190,"column":21}},"loc":{"start":{"line":190,"column":41},"end":{"line":190,"column":73}},"line":190}},"branchMap":{"0":{"loc":{"start":{"line":5,"column":2},"end":{"line":16,"column":3}},"type":"switch","locations":[{"start":{"line":6,"column":3},"end":{"line":8,"column":10}},{"start":{"line":9,"column":3},"end":{"line":11,"column":10}},{"start":{"line":12,"column":3},"end":{"line":15,"column":10}}],"line":5},"1":{"loc":{"start":{"line":25,"column":2},"end":{"line":27,"column":3}},"type":"if","locations":[{"start":{"line":25,"column":2},"end":{"line":27,"column":3}},{"start":{},"end":{}}],"line":25},"2":{"loc":{"start":{"line":30,"column":2},"end":{"line":45,"column":3}},"type":"if","locations":[{"start":{"line":30,"column":2},"end":{"line":45,"column":3}},{"start":{"line":32,"column":9},"end":{"line":45,"column":3}}],"line":30},"3":{"loc":{"start":{"line":32,"column":9},"end":{"line":45,"column":3}},"type":"if","locations":[{"start":{"line":32,"column":9},"end":{"line":45,"column":3}},{"start":{"line":34,"column":9},"end":{"line":45,"column":3}}],"line":32},"4":{"loc":{"start":{"line":34,"column":9},"end":{"line":45,"column":3}},"type":"if","locations":[{"start":{"line":34,"column":9},"end":{"line":45,"column":3}},{"start":{},"end":{}}],"line":34},"5":{"loc":{"start":{"line":34,"column":12},"end":{"line":34,"column":70}},"type":"binary-expr","locations":[{"start":{"line":34,"column":12},"end":{"line":34,"column":46}},{"start":{"line":34,"column":50},"end":{"line":34,"column":70}}],"line":34},"6":{"loc":{"start":{"line":35,"column":3},"end":{"line":44,"column":4}},"type":"if","locations":[{"start":{"line":35,"column":3},"end":{"line":44,"column":4}},{"start":{"line":41,"column":10},"end":{"line":44,"column":4}}],"line":35},"7":{"loc":{"start":{"line":36,"column":4},"end":{"line":40,"column":5}},"type":"if","locations":[{"start":{"line":36,"column":4},"end":{"line":40,"column":5}},{"start":{"line":38,"column":11},"end":{"line":40,"column":5}}],"line":36},"8":{"loc":{"start":{"line":54,"column":2},"end":{"line":59,"column":3}},"type":"if","locations":[{"start":{"line":54,"column":2},"end":{"line":59,"column":3}},{"start":{"line":57,"column":6},"end":{"line":59,"column":3}}],"line":54},"9":{"loc":{"start":{"line":66,"column":4},"end":{"line":75,"column":5}},"type":"if","locations":[{"start":{"line":66,"column":4},"end":{"line":75,"column":5}},{"start":{},"end":{}}],"line":66},"10":{"loc":{"start":{"line":68,"column":5},"end":{"line":74,"column":6}},"type":"if","locations":[{"start":{"line":68,"column":5},"end":{"line":74,"column":6}},{"start":{"line":72,"column":12},"end":{"line":74,"column":6}}],"line":68},"11":{"loc":{"start":{"line":79,"column":3},"end":{"line":80,"column":27}},"type":"if","locations":[{"start":{"line":79,"column":3},"end":{"line":80,"column":27}},{"start":{},"end":{}}],"line":79},"12":{"loc":{"start":{"line":87,"column":2},"end":{"line":115,"column":3}},"type":"switch","locations":[{"start":{"line":88,"column":3},"end":{"line":89,"column":10}},{"start":{"line":90,"column":3},"end":{"line":93,"column":10}},{"start":{"line":94,"column":3},"end":{"line":96,"column":10}},{"start":{"line":97,"column":3},"end":{"line":99,"column":10}},{"start":{"line":100,"column":3},"end":{"line":102,"column":10}},{"start":{"line":103,"column":3},"end":{"line":105,"column":10}},{"start":{"line":106,"column":3},"end":{"line":108,"column":10}},{"start":{"line":109,"column":3},"end":{"line":111,"column":10}},{"start":{"line":112,"column":3},"end":{"line":114,"column":10}}],"line":87},"13":{"loc":{"start":{"line":118,"column":1},"end":{"line":133,"column":2}},"type":"if","locations":[{"start":{"line":118,"column":1},"end":{"line":133,"column":2}},{"start":{"line":120,"column":8},"end":{"line":133,"column":2}}],"line":118},"14":{"loc":{"start":{"line":120,"column":8},"end":{"line":133,"column":2}},"type":"if","locations":[{"start":{"line":120,"column":8},"end":{"line":133,"column":2}},{"start":{"line":122,"column":8},"end":{"line":133,"column":2}}],"line":120},"15":{"loc":{"start":{"line":122,"column":8},"end":{"line":133,"column":2}},"type":"if","locations":[{"start":{"line":122,"column":8},"end":{"line":133,"column":2}},{"start":{},"end":{}}],"line":122},"16":{"loc":{"start":{"line":122,"column":11},"end":{"line":122,"column":77}},"type":"binary-expr","locations":[{"start":{"line":122,"column":11},"end":{"line":122,"column":49}},{"start":{"line":122,"column":53},"end":{"line":122,"column":77}}],"line":122},"17":{"loc":{"start":{"line":123,"column":2},"end":{"line":132,"column":3}},"type":"if","locations":[{"start":{"line":123,"column":2},"end":{"line":132,"column":3}},{"start":{"line":130,"column":9},"end":{"line":132,"column":3}}],"line":123},"18":{"loc":{"start":{"line":124,"column":3},"end":{"line":126,"column":4}},"type":"if","locations":[{"start":{"line":124,"column":3},"end":{"line":126,"column":4}},{"start":{},"end":{}}],"line":124},"19":{"loc":{"start":{"line":153,"column":22},"end":{"line":153,"column":119}},"type":"cond-expr","locations":[{"start":{"line":153,"column":41},"end":{"line":153,"column":49}},{"start":{"line":153,"column":52},"end":{"line":153,"column":119}}],"line":153},"20":{"loc":{"start":{"line":153,"column":52},"end":{"line":153,"column":119}},"type":"cond-expr","locations":[{"start":{"line":153,"column":71},"end":{"line":153,"column":78}},{"start":{"line":153,"column":81},"end":{"line":153,"column":119}}],"line":153},"21":{"loc":{"start":{"line":153,"column":81},"end":{"line":153,"column":119}},"type":"cond-expr","locations":[{"start":{"line":153,"column":100},"end":{"line":153,"column":108}},{"start":{"line":153,"column":110},"end":{"line":153,"column":119}}],"line":153},"22":{"loc":{"start":{"line":154,"column":1},"end":{"line":156,"column":2}},"type":"if","locations":[{"start":{"line":154,"column":1},"end":{"line":156,"column":2}},{"start":{},"end":{}}],"line":154},"23":{"loc":{"start":{"line":161,"column":1},"end":{"line":228,"column":2}},"type":"if","locations":[{"start":{"line":161,"column":1},"end":{"line":228,"column":2}},{"start":{"line":182,"column":8},"end":{"line":228,"column":2}}],"line":161},"24":{"loc":{"start":{"line":163,"column":3},"end":{"line":163,"column":78}},"type":"if","locations":[{"start":{"line":163,"column":3},"end":{"line":163,"column":78}},{"start":{},"end":{}}],"line":163},"25":{"loc":{"start":{"line":164,"column":3},"end":{"line":180,"column":4}},"type":"if","locations":[{"start":{"line":164,"column":3},"end":{"line":180,"column":4}},{"start":{"line":166,"column":10},"end":{"line":180,"column":4}}],"line":164},"26":{"loc":{"start":{"line":166,"column":10},"end":{"line":180,"column":4}},"type":"if","locations":[{"start":{"line":166,"column":10},"end":{"line":180,"column":4}},{"start":{"line":170,"column":10},"end":{"line":180,"column":4}}],"line":166},"27":{"loc":{"start":{"line":170,"column":10},"end":{"line":180,"column":4}},"type":"if","locations":[{"start":{"line":170,"column":10},"end":{"line":180,"column":4}},{"start":{"line":174,"column":8},"end":{"line":180,"column":4}}],"line":170},"28":{"loc":{"start":{"line":182,"column":8},"end":{"line":228,"column":2}},"type":"if","locations":[{"start":{"line":182,"column":8},"end":{"line":228,"column":2}},{"start":{"line":225,"column":8},"end":{"line":228,"column":2}}],"line":182},"29":{"loc":{"start":{"line":193,"column":3},"end":{"line":193,"column":77}},"type":"if","locations":[{"start":{"line":193,"column":3},"end":{"line":193,"column":77}},{"start":{},"end":{}}],"line":193},"30":{"loc":{"start":{"line":194,"column":3},"end":{"line":223,"column":4}},"type":"switch","locations":[{"start":{"line":195,"column":4},"end":{"line":197,"column":14}},{"start":{"line":198,"column":4},"end":{"line":202,"column":14}},{"start":{"line":203,"column":4},"end":{"line":207,"column":14}},{"start":{"line":208,"column":4},"end":{"line":210,"column":11}},{"start":{"line":211,"column":4},"end":{"line":211,"column":19}},{"start":{"line":212,"column":4},"end":{"line":214,"column":11}},{"start":{"line":215,"column":4},"end":{"line":215,"column":14}},{"start":{"line":216,"column":4},"end":{"line":216,"column":14}},{"start":{"line":217,"column":4},"end":{"line":217,"column":14}},{"start":{"line":218,"column":4},"end":{"line":218,"column":14}},{"start":{"line":219,"column":4},"end":{"line":219,"column":15}},{"start":{"line":220,"column":4},"end":{"line":222,"column":11}}],"line":194},"31":{"loc":{"start":{"line":225,"column":8},"end":{"line":228,"column":2}},"type":"if","locations":[{"start":{"line":225,"column":8},"end":{"line":228,"column":2}},{"start":{},"end":{}}],"line":225}},"s":{"0":5,"1":5,"2":5,"3":5,"4":5,"5":5,"6":0,"7":0,"8":0,"9":0,"10":0,"11":5,"12":8,"13":8,"14":8,"15":23,"16":23,"17":15,"18":8,"19":8,"20":2,"21":6,"22":3,"23":3,"24":3,"25":0,"26":0,"27":0,"28":3,"29":8,"30":0,"31":0,"32":0,"33":0,"34":0,"35":0,"36":0,"37":0,"38":0,"39":0,"40":0,"41":0,"42":0,"43":0,"44":0,"45":0,"46":0,"47":3,"48":2,"49":0,"50":0,"51":0,"52":0,"53":2,"54":2,"55":0,"56":0,"57":0,"58":0,"59":0,"60":0,"61":0,"62":0,"63":0,"64":0,"65":0,"66":0,"67":0,"68":0,"69":0,"70":0,"71":0,"72":0,"73":3,"74":1,"75":1,"76":2,"77":0,"78":0,"79":2,"80":2,"81":1,"82":1,"83":1,"84":2,"85":1,"86":3,"87":5,"88":5,"89":5,"90":5,"91":5,"92":11,"93":11,"94":11,"95":0,"96":11,"97":8,"98":16,"99":0,"100":16,"101":5,"102":11,"103":3,"104":3,"105":3,"106":8,"107":0,"108":0,"109":0,"110":8,"111":3,"112":3,"113":3,"114":3,"115":2,"116":3,"117":5,"118":0,"119":5,"120":1,"121":1,"122":1,"123":1,"124":1,"125":1,"126":1,"127":1,"128":1,"129":1,"130":0,"131":0,"132":2,"133":2,"134":0,"135":0,"136":0,"137":0,"138":0,"139":11},"f":{"0":5,"1":5,"2":8,"3":23,"4":23,"5":8,"6":3,"7":0,"8":0,"9":0,"10":0,"11":0,"12":2,"13":0,"14":0,"15":0,"16":0,"17":0,"18":0,"19":1,"20":0,"21":2,"22":5,"23":11,"24":2},"b":{"0":[5,0,0],"1":[15,8],"2":[2,6],"3":[3,3],"4":[3,0],"5":[3,3],"6":[0,3],"7":[0,0],"8":[0,0],"9":[0,0],"10":[0,0],"11":[0,0],"12":[0,0,2,0,0,0,0,0,0],"13":[1,2],"14":[0,2],"15":[2,0],"16":[2,2],"17":[1,1],"18":[1,0],"19":[8,3],"20":[3,0],"21":[0,0],"22":[0,11],"23":[8,3],"24":[0,16],"25":[5,11],"26":[3,8],"27":[0,8],"28":[3,0],"29":[0,5],"30":[1,1,1,0,0,2,0,0,0,0,0,0],"31":[0,0]},"inputSourceMap":null,"_coverageSchema":"1a1c01bbd47fc00a2c39e90264f33305004495a9","hash":"c34d08ddbbb7b948d25aaf2c9b3266603afef3c9"}
}
