TN:
SF:src/data/apis.js
FN:4,(anonymous_0)
FN:8,(anonymous_1)
FN:16,(anonymous_2)
FN:30,(anonymous_3)
FN:37,(anonymous_4)
FN:44,(anonymous_5)
FN:65,(anonymous_6)
FN:74,(anonymous_7)
FN:81,(anonymous_8)
FN:82,(anonymous_9)
FN:93,(anonymous_10)
FN:95,(anonymous_11)
FN:104,(anonymous_12)
FNF:13
FNH:2
FNDA:0,(anonymous_0)
FNDA:0,(anonymous_1)
FNDA:1,(anonymous_2)
FNDA:0,(anonymous_3)
FNDA:1,(anonymous_4)
FNDA:0,(anonymous_5)
FNDA:0,(anonymous_6)
FNDA:0,(anonymous_7)
FNDA:0,(anonymous_8)
FNDA:0,(anonymous_9)
FNDA:0,(anonymous_10)
FNDA:0,(anonymous_11)
FNDA:0,(anonymous_12)
DA:1,1
DA:4,0
DA:9,0
DA:10,0
DA:11,0
DA:13,0
DA:17,1
DA:18,0
DA:21,1
DA:26,1
DA:27,1
DA:31,0
DA:32,0
DA:38,1
DA:39,0
DA:41,1
DA:45,0
DA:46,0
DA:47,0
DA:61,1
DA:62,1
DA:66,0
DA:67,0
DA:68,0
DA:71,0
DA:75,0
DA:76,0
DA:82,0
DA:83,0
DA:84,0
DA:85,0
DA:88,0
DA:89,0
DA:94,0
DA:95,0
DA:96,0
DA:97,0
DA:98,0
DA:100,0
DA:106,0
DA:107,0
DA:108,0
DA:110,0
DA:111,0
LF:44
LH:9
BRDA:10,0,0,0
BRDA:10,0,1,0
BRDA:17,1,0,0
BRDA:17,1,1,1
BRDA:38,2,0,0
BRDA:38,2,1,1
BRDA:67,3,0,0
BRDA:67,3,1,0
BRDA:83,4,0,0
BRDA:83,4,1,0
BRDA:97,5,0,0
BRDA:97,5,1,0
BRDA:106,6,0,0
BRDA:106,6,1,0
BRDA:107,7,0,0
BRDA:107,7,1,0
BRF:16
BRH:2
end_of_record
TN:
SF:src/data/filter.js
FN:1,filterResponse
FN:4,(anonymous_1)
FN:21,filterResponseObject
FN:24,(anonymous_3)
FN:25,(anonymous_4)
FN:29,(anonymous_5)
FN:52,filterResponseArray
FN:53,setArgument
FN:58,(anonymous_8)
FN:61,filterLogicOperators
FN:62,(anonymous_10)
FN:65,checkRegex
FN:86,(anonymous_12)
FN:98,(anonymous_13)
FN:101,(anonymous_14)
FN:104,(anonymous_15)
FN:107,(anonymous_16)
FN:110,(anonymous_17)
FN:113,(anonymous_18)
FN:119,(anonymous_19)
FN:121,(anonymous_20)
FN:127,(anonymous_21)
FN:140,createFilterObject
FN:150,createObject
FN:190,(anonymous_24)
FNF:25
FNH:13
FNDA:5,filterResponse
FNDA:5,(anonymous_1)
FNDA:8,filterResponseObject
FNDA:23,(anonymous_3)
FNDA:23,(anonymous_4)
FNDA:8,(anonymous_5)
FNDA:3,filterResponseArray
FNDA:0,setArgument
FNDA:0,(anonymous_8)
FNDA:0,filterLogicOperators
FNDA:0,(anonymous_10)
FNDA:0,checkRegex
FNDA:2,(anonymous_12)
FNDA:0,(anonymous_13)
FNDA:0,(anonymous_14)
FNDA:0,(anonymous_15)
FNDA:0,(anonymous_16)
FNDA:0,(anonymous_17)
FNDA:0,(anonymous_18)
FNDA:1,(anonymous_19)
FNDA:0,(anonymous_20)
FNDA:2,(anonymous_21)
FNDA:5,createFilterObject
FNDA:11,createObject
FNDA:2,(anonymous_24)
DA:2,5
DA:3,5
DA:4,5
DA:5,5
DA:7,5
DA:8,5
DA:10,0
DA:11,0
DA:13,0
DA:14,0
DA:15,0
DA:18,5
DA:22,8
DA:23,8
DA:24,8
DA:25,23
DA:26,15
DA:29,8
DA:30,8
DA:31,2
DA:32,6
DA:33,3
DA:34,3
DA:35,3
DA:36,0
DA:37,0
DA:39,0
DA:42,3
DA:47,8
DA:54,0
DA:55,0
DA:58,0
DA:62,0
DA:63,0
DA:64,0
DA:66,0
DA:67,0
DA:68,0
DA:69,0
DA:70,0
DA:71,0
DA:73,0
DA:79,0
DA:80,0
DA:82,0
DA:86,3
DA:87,2
DA:89,0
DA:91,0
DA:92,0
DA:93,0
DA:95,2
DA:96,2
DA:98,0
DA:99,0
DA:101,0
DA:102,0
DA:104,0
DA:105,0
DA:107,0
DA:108,0
DA:110,0
DA:111,0
DA:113,0
DA:114,0
DA:118,3
DA:119,1
DA:120,2
DA:121,0
DA:122,2
DA:123,2
DA:124,1
DA:125,1
DA:127,1
DA:128,2
DA:131,1
DA:134,3
DA:141,5
DA:142,5
DA:143,5
DA:144,5
DA:146,5
DA:152,11
DA:153,11
DA:154,11
DA:155,0
DA:161,11
DA:162,8
DA:163,16
DA:164,16
DA:165,5
DA:166,11
DA:167,3
DA:168,3
DA:169,3
DA:170,8
DA:171,0
DA:172,0
DA:173,0
DA:175,8
DA:182,3
DA:184,3
DA:189,3
DA:190,3
DA:192,3
DA:193,5
DA:194,5
DA:196,1
DA:197,1
DA:199,1
DA:200,1
DA:201,1
DA:202,1
DA:204,1
DA:205,1
DA:206,1
DA:207,1
DA:209,0
DA:210,0
DA:213,2
DA:214,2
DA:221,0
DA:222,0
DA:225,0
DA:226,0
DA:227,0
DA:229,11
LF:127
LH:75
BRDA:5,0,0,5
BRDA:5,0,1,0
BRDA:5,0,2,0
BRDA:25,1,0,15
BRDA:25,1,1,8
BRDA:30,2,0,2
BRDA:30,2,1,6
BRDA:32,3,0,3
BRDA:32,3,1,3
BRDA:34,4,0,3
BRDA:34,4,1,0
BRDA:34,5,0,3
BRDA:34,5,1,3
BRDA:35,6,0,0
BRDA:35,6,1,3
BRDA:36,7,0,0
BRDA:36,7,1,0
BRDA:54,8,0,0
BRDA:54,8,1,0
BRDA:66,9,0,0
BRDA:66,9,1,0
BRDA:68,10,0,0
BRDA:68,10,1,0
BRDA:79,11,0,0
BRDA:79,11,1,0
BRDA:87,12,0,0
BRDA:87,12,1,0
BRDA:87,12,2,2
BRDA:87,12,3,0
BRDA:87,12,4,0
BRDA:87,12,5,0
BRDA:87,12,6,0
BRDA:87,12,7,0
BRDA:87,12,8,0
BRDA:118,13,0,1
BRDA:118,13,1,2
BRDA:120,14,0,0
BRDA:120,14,1,2
BRDA:122,15,0,2
BRDA:122,15,1,0
BRDA:122,16,0,2
BRDA:122,16,1,2
BRDA:123,17,0,1
BRDA:123,17,1,1
BRDA:124,18,0,1
BRDA:124,18,1,0
BRDA:153,19,0,8
BRDA:153,19,1,3
BRDA:153,20,0,3
BRDA:153,20,1,0
BRDA:153,21,0,0
BRDA:153,21,1,0
BRDA:154,22,0,0
BRDA:154,22,1,11
BRDA:161,23,0,8
BRDA:161,23,1,3
BRDA:163,24,0,0
BRDA:163,24,1,16
BRDA:164,25,0,5
BRDA:164,25,1,11
BRDA:166,26,0,3
BRDA:166,26,1,8
BRDA:170,27,0,0
BRDA:170,27,1,8
BRDA:182,28,0,3
BRDA:182,28,1,0
BRDA:193,29,0,0
BRDA:193,29,1,5
BRDA:194,30,0,1
BRDA:194,30,1,1
BRDA:194,30,2,1
BRDA:194,30,3,0
BRDA:194,30,4,0
BRDA:194,30,5,2
BRDA:194,30,6,0
BRDA:194,30,7,0
BRDA:194,30,8,0
BRDA:194,30,9,0
BRDA:194,30,10,0
BRDA:194,30,11,0
BRDA:225,31,0,0
BRDA:225,31,1,0
BRF:82
BRH:39
end_of_record
